build/outputs/logs/manifest-merger-debug-report.txt
-- Merging decision tree log ---
manifest
ADDED from src\main\AndroidManifest.xml:2:1-91:12
	package
		ADDED from src\main\AndroidManifest.xml:3:5-47
		INJECTED from src\main\AndroidManifest.xml
		INJECTED from src\main\AndroidManifest.xml
	android:versionName
		INJECTED from src\main\AndroidManifest.xml
		INJECTED from src\main\AndroidManifest.xml
	xmlns:android
		ADDED from src\main\AndroidManifest.xml:2:11-69
	android:versionCode
		INJECTED from src\main\AndroidManifest.xml
		INJECTED from src\main\AndroidManifest.xml
uses-permission#android.permission.INTERNET
ADDED from src\main\AndroidManifest.xml:5:5-67
MERGED from [net.gotev:uploadservice:3.2.3] AndroidManifest.xml:11:5-67
	android:name
		ADDED from src\main\AndroidManifest.xml:5:22-64
uses-permission#android.permission.WRITE_EXTERNAL_STORAGE
ADDED from src\main\AndroidManifest.xml:6:5-81
MERGED from [net.gotev:uploadservice:3.2.3] AndroidManifest.xml:13:5-81
	android:name
		ADDED from src\main\AndroidManifest.xml:6:22-78
uses-permission#android.permission.READ_EXTERNAL_STORAGE
ADDED from src\main\AndroidManifest.xml:7:5-80
MERGED from [net.gotev:uploadservice:3.2.3] AndroidManifest.xml:12:5-80
	android:name
		ADDED from src\main\AndroidManifest.xml:7:22-77
uses-permission#android.permission.ACCESS_NETWORK_STATE
ADDED from src\main\AndroidManifest.xml:8:5-79
	android:name
		ADDED from src\main\AndroidManifest.xml:8:22-76
application
ADDED from src\main\AndroidManifest.xml:10:5-89:19
MERGED from [com.android.support:design:25.1.0] AndroidManifest.xml:25:5-20
MERGED from [com.android.support:transition:25.1.0] AndroidManifest.xml:22:5-20
MERGED from [com.android.support:cardview-v7:25.1.0] AndroidManifest.xml:22:5-20
MERGED from [de.hdodenhof:circleimageview:2.1.0] AndroidManifest.xml:9:5-20
MERGED from [com.github.jkwiecien:EasyImage:2.0.2] AndroidManifest.xml:11:5-21:19
MERGED from [com.jakewharton.timber:timber:4.4.0] AndroidManifest.xml:8:5-20
MERGED from [org.hybridsquad.android.photocropper:library:2.1.0] AndroidManifest.xml:11:5-15:19
MERGED from [net.gotev:uploadservice:3.2.3] AndroidManifest.xml:16:5-22:19
MERGED from [com.android.support:appcompat-v7:25.1.0] AndroidManifest.xml:25:5-20
MERGED from [com.android.support:animated-vector-drawable:25.1.0] AndroidManifest.xml:22:5-20
MERGED from [com.android.support:support-vector-drawable:25.1.0] AndroidManifest.xml:23:5-20
MERGED from [com.android.support:support-v4:25.1.0] AndroidManifest.xml:25:5-20
MERGED from [com.android.support:support-fragment:25.1.0] AndroidManifest.xml:25:5-20
MERGED from [com.android.support:support-media-compat:25.1.0] AndroidManifest.xml:25:5-20
MERGED from [com.android.support:support-core-ui:25.1.0] AndroidManifest.xml:25:5-20
MERGED from [com.android.support:support-core-utils:25.1.0] AndroidManifest.xml:25:5-20
MERGED from [com.android.support:support-compat:25.1.0] AndroidManifest.xml:25:5-20
	android:label
		ADDED from src\main\AndroidManifest.xml:13:9-41
	android:supportsRtl
		ADDED from src\main\AndroidManifest.xml:14:9-35
	xmlns:tools
		ADDED from src\main\AndroidManifest.xml:10:18-64
	android:allowBackup
		ADDED from src\main\AndroidManifest.xml:11:9-35
	android:icon
		ADDED from src\main\AndroidManifest.xml:12:9-43
		REJECTED from [org.hybridsquad.android.photocropper:library:2.1.0] AndroidManifest.xml:13:9-45
	android:theme
		ADDED from src\main\AndroidManifest.xml:15:9-40
	tools:replace
		ADDED from src\main\AndroidManifest.xml:16:9-37
activity#com.farhansoftware.developershub.activities.wizard
ADDED from src\main\AndroidManifest.xml:17:9-19:72
	android:theme
		ADDED from src\main\AndroidManifest.xml:19:13-69
	android:name
		ADDED from src\main\AndroidManifest.xml:18:13-46
activity#com.farhansoftware.developershub.activities.Startup
ADDED from src\main\AndroidManifest.xml:20:9-22:72
	android:theme
		ADDED from src\main\AndroidManifest.xml:22:13-69
	android:name
		ADDED from src\main\AndroidManifest.xml:21:13-47
activity#com.farhansoftware.developershub.activities.Login
ADDED from src\main\AndroidManifest.xml:23:9-25:72
	android:theme
		ADDED from src\main\AndroidManifest.xml:25:13-69
	android:name
		ADDED from src\main\AndroidManifest.xml:24:13-45
activity#com.farhansoftware.developershub.activities.Register
ADDED from src\main\AndroidManifest.xml:26:9-28:72
	android:theme
		ADDED from src\main\AndroidManifest.xml:28:13-69
	android:name
		ADDED from src\main\AndroidManifest.xml:27:13-48
activity#com.farhansoftware.developershub.activities.MainActivity
ADDED from src\main\AndroidManifest.xml:29:9-39:20
	android:label
		ADDED from src\main\AndroidManifest.xml:32:13-45
	android:configChanges
		ADDED from src\main\AndroidManifest.xml:31:13-59
	android:theme
		ADDED from src\main\AndroidManifest.xml:33:13-45
	android:name
		ADDED from src\main\AndroidManifest.xml:30:13-52
intent-filter#android.intent.action.MAIN+android.intent.category.LAUNCHER
ADDED from src\main\AndroidManifest.xml:34:13-38:29
action#android.intent.action.MAIN
ADDED from src\main\AndroidManifest.xml:35:17-69
	android:name
		ADDED from src\main\AndroidManifest.xml:35:25-66
category#android.intent.category.LAUNCHER
ADDED from src\main\AndroidManifest.xml:37:17-77
	android:name
		ADDED from src\main\AndroidManifest.xml:37:27-74
activity#com.farhansoftware.developershub.activities.OTPverify
ADDED from src\main\AndroidManifest.xml:40:9-58
	android:name
		ADDED from src\main\AndroidManifest.xml:40:19-55
activity#com.farhansoftware.developershub.activities.MyProfile
ADDED from src\main\AndroidManifest.xml:41:9-44:48
	android:configChanges
		ADDED from src\main\AndroidManifest.xml:43:13-59
	android:theme
		ADDED from src\main\AndroidManifest.xml:44:13-45
	android:name
		ADDED from src\main\AndroidManifest.xml:42:13-49
activity#com.farhansoftware.developershub.activities.CategoryPosts
ADDED from src\main\AndroidManifest.xml:45:9-47:47
	android:theme
		ADDED from src\main\AndroidManifest.xml:47:13-44
	android:name
		ADDED from src\main\AndroidManifest.xml:46:13-53
activity#com.farhansoftware.developershub.activities.ViewPost
ADDED from src\main\AndroidManifest.xml:48:9-61:20
	android:theme
		ADDED from src\main\AndroidManifest.xml:50:13-45
	android:name
		ADDED from src\main\AndroidManifest.xml:49:13-48
intent-filter#android.intent.action.VIEW+android.intent.category.BROWSABLE+android.intent.category.DEFAULT
ADDED from src\main\AndroidManifest.xml:51:13-60:29
action#android.intent.action.VIEW
ADDED from src\main\AndroidManifest.xml:52:17-69
	android:name
		ADDED from src\main\AndroidManifest.xml:52:25-66
category#android.intent.category.DEFAULT
ADDED from src\main\AndroidManifest.xml:54:17-76
	android:name
		ADDED from src\main\AndroidManifest.xml:54:27-73
category#android.intent.category.BROWSABLE
ADDED from src\main\AndroidManifest.xml:55:17-78
	android:name
		ADDED from src\main\AndroidManifest.xml:55:27-75
data
ADDED from src\main\AndroidManifest.xml:57:17-47
	android:scheme
		ADDED from src\main\AndroidManifest.xml:57:23-44
activity#com.farhansoftware.developershub.activities.CreatePost
ADDED from src\main\AndroidManifest.xml:62:9-64:43
	android:label
		ADDED from src\main\AndroidManifest.xml:64:13-40
	android:name
		ADDED from src\main\AndroidManifest.xml:63:13-50
activity#com.onegravity.rteditor.media.choose.MediaChooserActivity
ADDED from src\main\AndroidManifest.xml:65:9-94
	android:name
		ADDED from src\main\AndroidManifest.xml:65:19-91
activity#com.onegravity.rteditor.media.crop.CropImageActivity
ADDED from src\main\AndroidManifest.xml:66:9-89
	android:name
		ADDED from src\main\AndroidManifest.xml:66:19-86
activity#com.farhansoftware.developershub.activities.AboutUs
ADDED from src\main\AndroidManifest.xml:67:9-69:40
	android:label
		ADDED from src\main\AndroidManifest.xml:69:13-37
	android:name
		ADDED from src\main\AndroidManifest.xml:68:13-47
activity#com.farhansoftware.developershub.activities.ChangePassword
ADDED from src\main\AndroidManifest.xml:70:9-72:47
	android:label
		ADDED from src\main\AndroidManifest.xml:72:13-44
	android:name
		ADDED from src\main\AndroidManifest.xml:71:13-54
activity#com.farhansoftware.developershub.activities.EditProfile
ADDED from src\main\AndroidManifest.xml:73:9-75:44
	android:label
		ADDED from src\main\AndroidManifest.xml:75:13-41
	android:name
		ADDED from src\main\AndroidManifest.xml:74:13-51
activity#com.farhansoftware.developershub.activities.ForgotPassword
ADDED from src\main\AndroidManifest.xml:76:9-78:47
	android:label
		ADDED from src\main\AndroidManifest.xml:78:13-44
	android:name
		ADDED from src\main\AndroidManifest.xml:77:13-54
activity#com.farhansoftware.developershub.activities.Followers
ADDED from src\main\AndroidManifest.xml:79:9-81:41
	android:label
		ADDED from src\main\AndroidManifest.xml:81:13-38
	android:name
		ADDED from src\main\AndroidManifest.xml:80:13-49
activity#com.farhansoftware.developershub.activities.Following
ADDED from src\main\AndroidManifest.xml:82:9-84:41
	android:label
		ADDED from src\main\AndroidManifest.xml:84:13-38
	android:name
		ADDED from src\main\AndroidManifest.xml:83:13-49
activity#com.farhansoftware.developershub.activities.ViewImage
ADDED from src\main\AndroidManifest.xml:85:9-87:59
	android:theme
		ADDED from src\main\AndroidManifest.xml:87:13-56
	android:name
		ADDED from src\main\AndroidManifest.xml:86:13-49
activity#com.farhansoftware.developershub.activities.CategorySelection
ADDED from src\main\AndroidManifest.xml:88:9-75
	android:name
		ADDED from src\main\AndroidManifest.xml:88:19-63
uses-sdk
INJECTED from src\main\AndroidManifest.xml reason: use-sdk injection requested
MERGED from [com.android.support:design:25.1.0] AndroidManifest.xml:21:5-23:62
MERGED from [com.android.support:recyclerview-v7:25.1.0] AndroidManifest.xml:20:5-43
MERGED from [com.android.support:transition:25.1.0] AndroidManifest.xml:20:5-44
MERGED from [com.android.support:cardview-v7:25.1.0] AndroidManifest.xml:20:5-43
MERGED from [de.hdodenhof:circleimageview:2.1.0] AndroidManifest.xml:5:5-7:41
MERGED from [com.1gravity:android-rteditor:1.6.2] AndroidManifest.xml:22:5-24:41
MERGED from [com.1gravity:android-rteditor-core:1.6.2] AndroidManifest.xml:22:5-24:41
MERGED from [com.1gravity:android-colorpicker:2.0.1] AndroidManifest.xml:22:5-24:41
MERGED from [com.github.jkwiecien:EasyImage:2.0.2] AndroidManifest.xml:7:5-9:41
MERGED from [com.jakewharton.timber:timber:4.4.0] AndroidManifest.xml:6:5-43
MERGED from [org.hybridsquad.android.photocropper:library:2.1.0] AndroidManifest.xml:7:5-9:41
MERGED from [net.gotev:uploadservice:3.2.3] AndroidManifest.xml:7:5-9:41
MERGED from [com.android.support:appcompat-v7:25.1.0] AndroidManifest.xml:21:5-23:78
MERGED from [com.android.support:animated-vector-drawable:25.1.0] AndroidManifest.xml:20:5-44
MERGED from [com.android.support:support-vector-drawable:25.1.0] AndroidManifest.xml:21:5-43
MERGED from [com.android.support:support-v4:25.1.0] AndroidManifest.xml:21:5-23:54
MERGED from [com.android.support:support-fragment:25.1.0] AndroidManifest.xml:21:5-23:60
MERGED from [com.android.support:support-media-compat:25.1.0] AndroidManifest.xml:21:5-23:63
MERGED from [com.android.support:support-core-ui:25.1.0] AndroidManifest.xml:21:5-23:58
MERGED from [com.android.support:support-core-utils:25.1.0] AndroidManifest.xml:21:5-23:61
MERGED from [com.android.support:support-compat:25.1.0] AndroidManifest.xml:21:5-23:58
	tools:overrideLibrary
		ADDED from [com.android.support:design:25.1.0] AndroidManifest.xml:23:9-59
	android:targetSdkVersion
		INJECTED from src\main\AndroidManifest.xml
		INJECTED from src\main\AndroidManifest.xml
	android:minSdkVersion
		INJECTED from src\main\AndroidManifest.xml
		INJECTED from src\main\AndroidManifest.xml
provider#android.support.v4.content.FileProvider
ADDED from [com.github.jkwiecien:EasyImage:2.0.2] AndroidManifest.xml:12:9-20:20
	android:authorities
		ADDED from [com.github.jkwiecien:EasyImage:2.0.2] AndroidManifest.xml:14:13-80
	android:grantUriPermissions
		ADDED from [com.github.jkwiecien:EasyImage:2.0.2] AndroidManifest.xml:16:13-47
	android:exported
		ADDED from [com.github.jkwiecien:EasyImage:2.0.2] AndroidManifest.xml:15:13-37
	android:name
		ADDED from [com.github.jkwiecien:EasyImage:2.0.2] AndroidManifest.xml:13:13-67
meta-data#android.support.FILE_PROVIDER_PATHS
ADDED from [com.github.jkwiecien:EasyImage:2.0.2] AndroidManifest.xml:17:13-19:53
	android:resource
		ADDED from [com.github.jkwiecien:EasyImage:2.0.2] AndroidManifest.xml:19:17-50
	android:name
		ADDED from [com.github.jkwiecien:EasyImage:2.0.2] AndroidManifest.xml:18:17-67
uses-permission#android.permission.WAKE_LOCK
ADDED from [net.gotev:uploadservice:3.2.3] AndroidManifest.xml:14:5-68
	android:name
		ADDED from [net.gotev:uploadservice:3.2.3] AndroidManifest.xml:14:22-65
service#net.gotev.uploadservice.UploadService
ADDED from [net.gotev:uploadservice:3.2.3] AndroidManifest.xml:17:9-21:19
	android:enabled
		ADDED from [net.gotev:uploadservice:3.2.3] AndroidManifest.xml:19:13-35
	android:exported
		ADDED from [net.gotev:uploadservice:3.2.3] AndroidManifest.xml:20:13-36
	android:name
		ADDED from [net.gotev:uploadservice:3.2.3] AndroidManifest.xml:18:13-65